2017/03/17 09:32:05 [error] [exception.CDbException] exception 'CDbException' with message 'CDbConnection failed to open the DB connection: SQLSTATE[HY000] [1045] Access denied for user 'otd'@'localhost' (using password: YES)' in /var/www/html/banhda2/framework/db/CDbConnection.php:382
Stack trace:
#0 /var/www/html/banhda2/framework/db/CDbConnection.php(330): CDbConnection->open()
#1 /var/www/html/banhda2/framework/db/CDbConnection.php(308): CDbConnection->setActive(true)
#2 /var/www/html/banhda2/framework/base/CModule.php(387): CDbConnection->init()
#3 /var/www/html/banhda2/framework/base/CModule.php(103): CModule->getComponent('db')
#4 /var/www/html/banhda2/BanhDa/protected/models/Viewcounts.php(89): CModule->__get('db')
#5 /var/www/html/banhda2/BanhDa/protected/components/Controller.php(37): Viewcounts->newVisit()
#6 /var/www/html/banhda2/framework/web/filters/CInlineFilter.php(58): Controller->filterProjectContext(Object(CFilterChain))
#7 /var/www/html/banhda2/framework/web/filters/CFilterChain.php(130): CInlineFilter->filter(Object(CFilterChain))
#8 /var/www/html/banhda2/framework/web/filters/CFilter.php(40): CFilterChain->run()
#9 /var/www/html/banhda2/framework/web/CController.php(1145): CFilter->filter(Object(CFilterChain))
#10 /var/www/html/banhda2/framework/web/filters/CInlineFilter.php(58): CController->filterAccessControl(Object(CFilterChain))
#11 /var/www/html/banhda2/framework/web/filters/CFilterChain.php(130): CInlineFilter->filter(Object(CFilterChain))
#12 /var/www/html/banhda2/framework/web/CController.php(291): CFilterChain->run()
#13 /var/www/html/banhda2/framework/web/CController.php(265): CController->runActionWithFilters(Object(CInlineAction), Array)
#14 /var/www/html/banhda2/framework/web/CWebApplication.php(282): CController->run('')
#15 /var/www/html/banhda2/framework/web/CWebApplication.php(141): CWebApplication->runController('')
#16 /var/www/html/banhda2/framework/base/CApplication.php(180): CWebApplication->processRequest()
#17 /var/www/html/banhda2/BanhDa/index.php(13): CApplication->run()
#18 {main}
REQUEST_URI=/banhda2/BanhDa/
HTTP_REFERER=http://52.193.203.13/banhda2/
---
2017/03/17 09:37:05 [error] [exception.CDbException] exception 'CDbException' with message 'CDbConnection failed to open the DB connection: SQLSTATE[HY000] [1045] Access denied for user 'otd'@'localhost' (using password: YES)' in /var/www/html/banhda2/framework/db/CDbConnection.php:382
Stack trace:
#0 /var/www/html/banhda2/framework/db/CDbConnection.php(330): CDbConnection->open()
#1 /var/www/html/banhda2/framework/db/CDbConnection.php(308): CDbConnection->setActive(true)
#2 /var/www/html/banhda2/framework/base/CModule.php(387): CDbConnection->init()
#3 /var/www/html/banhda2/framework/base/CModule.php(103): CModule->getComponent('db')
#4 /var/www/html/banhda2/BanhDa/protected/models/Viewcounts.php(89): CModule->__get('db')
#5 /var/www/html/banhda2/BanhDa/protected/components/Controller.php(37): Viewcounts->newVisit()
#6 /var/www/html/banhda2/framework/web/filters/CInlineFilter.php(58): Controller->filterProjectContext(Object(CFilterChain))
#7 /var/www/html/banhda2/framework/web/filters/CFilterChain.php(130): CInlineFilter->filter(Object(CFilterChain))
#8 /var/www/html/banhda2/framework/web/filters/CFilter.php(40): CFilterChain->run()
#9 /var/www/html/banhda2/framework/web/CController.php(1145): CFilter->filter(Object(CFilterChain))
#10 /var/www/html/banhda2/framework/web/filters/CInlineFilter.php(58): CController->filterAccessControl(Object(CFilterChain))
#11 /var/www/html/banhda2/framework/web/filters/CFilterChain.php(130): CInlineFilter->filter(Object(CFilterChain))
#12 /var/www/html/banhda2/framework/web/CController.php(291): CFilterChain->run()
#13 /var/www/html/banhda2/framework/web/CController.php(265): CController->runActionWithFilters(Object(CInlineAction), Array)
#14 /var/www/html/banhda2/framework/web/CWebApplication.php(282): CController->run('')
#15 /var/www/html/banhda2/framework/web/CWebApplication.php(141): CWebApplication->runController('')
#16 /var/www/html/banhda2/framework/base/CApplication.php(180): CWebApplication->processRequest()
#17 /var/www/html/banhda2/BanhDa/index.php(13): CApplication->run()
#18 {main}
REQUEST_URI=/banhda2/BanhDa/
---
2017/03/17 09:42:36 [error] [exception.CDbException] exception 'CDbException' with message 'CDbConnection failed to open the DB connection: SQLSTATE[HY000] [1045] Access denied for user 'otd'@'localhost' (using password: YES)' in /var/www/html/banhda2/framework/db/CDbConnection.php:382
Stack trace:
#0 /var/www/html/banhda2/framework/db/CDbConnection.php(330): CDbConnection->open()
#1 /var/www/html/banhda2/framework/db/CDbConnection.php(308): CDbConnection->setActive(true)
#2 /var/www/html/banhda2/framework/base/CModule.php(387): CDbConnection->init()
#3 /var/www/html/banhda2/framework/base/CModule.php(103): CModule->getComponent('db')
#4 /var/www/html/banhda2/BanhDa/protected/models/Viewcounts.php(89): CModule->__get('db')
#5 /var/www/html/banhda2/BanhDa/protected/components/Controller.php(37): Viewcounts->newVisit()
#6 /var/www/html/banhda2/framework/web/filters/CInlineFilter.php(58): Controller->filterProjectContext(Object(CFilterChain))
#7 /var/www/html/banhda2/framework/web/filters/CFilterChain.php(130): CInlineFilter->filter(Object(CFilterChain))
#8 /var/www/html/banhda2/framework/web/filters/CFilter.php(40): CFilterChain->run()
#9 /var/www/html/banhda2/framework/web/CController.php(1145): CFilter->filter(Object(CFilterChain))
#10 /var/www/html/banhda2/framework/web/filters/CInlineFilter.php(58): CController->filterAccessControl(Object(CFilterChain))
#11 /var/www/html/banhda2/framework/web/filters/CFilterChain.php(130): CInlineFilter->filter(Object(CFilterChain))
#12 /var/www/html/banhda2/framework/web/CController.php(291): CFilterChain->run()
#13 /var/www/html/banhda2/framework/web/CController.php(265): CController->runActionWithFilters(Object(CInlineAction), Array)
#14 /var/www/html/banhda2/framework/web/CWebApplication.php(282): CController->run('')
#15 /var/www/html/banhda2/framework/web/CWebApplication.php(141): CWebApplication->runController('')
#16 /var/www/html/banhda2/framework/base/CApplication.php(180): CWebApplication->processRequest()
#17 /var/www/html/banhda2/BanhDa/index.php(13): CApplication->run()
#18 {main}
REQUEST_URI=/banhda2/BanhDa/
---
2017/03/17 09:42:37 [error] [exception.CDbException] exception 'CDbException' with message 'CDbConnection failed to open the DB connection: SQLSTATE[HY000] [1045] Access denied for user 'otd'@'localhost' (using password: YES)' in /var/www/html/banhda2/framework/db/CDbConnection.php:382
Stack trace:
#0 /var/www/html/banhda2/framework/db/CDbConnection.php(330): CDbConnection->open()
#1 /var/www/html/banhda2/framework/db/CDbConnection.php(308): CDbConnection->setActive(true)
#2 /var/www/html/banhda2/framework/base/CModule.php(387): CDbConnection->init()
#3 /var/www/html/banhda2/framework/base/CModule.php(103): CModule->getComponent('db')
#4 /var/www/html/banhda2/BanhDa/protected/models/Viewcounts.php(89): CModule->__get('db')
#5 /var/www/html/banhda2/BanhDa/protected/components/Controller.php(37): Viewcounts->newVisit()
#6 /var/www/html/banhda2/framework/web/filters/CInlineFilter.php(58): Controller->filterProjectContext(Object(CFilterChain))
#7 /var/www/html/banhda2/framework/web/filters/CFilterChain.php(130): CInlineFilter->filter(Object(CFilterChain))
#8 /var/www/html/banhda2/framework/web/filters/CFilter.php(40): CFilterChain->run()
#9 /var/www/html/banhda2/framework/web/CController.php(1145): CFilter->filter(Object(CFilterChain))
#10 /var/www/html/banhda2/framework/web/filters/CInlineFilter.php(58): CController->filterAccessControl(Object(CFilterChain))
#11 /var/www/html/banhda2/framework/web/filters/CFilterChain.php(130): CInlineFilter->filter(Object(CFilterChain))
#12 /var/www/html/banhda2/framework/web/CController.php(291): CFilterChain->run()
#13 /var/www/html/banhda2/framework/web/CController.php(265): CController->runActionWithFilters(Object(CInlineAction), Array)
#14 /var/www/html/banhda2/framework/web/CWebApplication.php(282): CController->run('')
#15 /var/www/html/banhda2/framework/web/CWebApplication.php(141): CWebApplication->runController('')
#16 /var/www/html/banhda2/framework/base/CApplication.php(180): CWebApplication->processRequest()
#17 /var/www/html/banhda2/BanhDa/index.php(13): CApplication->run()
#18 {main}
REQUEST_URI=/banhda2/BanhDa/
---
2017/03/17 09:42:39 [error] [exception.CDbException] exception 'CDbException' with message 'CDbConnection failed to open the DB connection: SQLSTATE[HY000] [1045] Access denied for user 'otd'@'localhost' (using password: YES)' in /var/www/html/banhda2/framework/db/CDbConnection.php:382
Stack trace:
#0 /var/www/html/banhda2/framework/db/CDbConnection.php(330): CDbConnection->open()
#1 /var/www/html/banhda2/framework/db/CDbConnection.php(308): CDbConnection->setActive(true)
#2 /var/www/html/banhda2/framework/base/CModule.php(387): CDbConnection->init()
#3 /var/www/html/banhda2/framework/base/CModule.php(103): CModule->getComponent('db')
#4 /var/www/html/banhda2/BanhDa/protected/models/Viewcounts.php(89): CModule->__get('db')
#5 /var/www/html/banhda2/BanhDa/protected/components/Controller.php(37): Viewcounts->newVisit()
#6 /var/www/html/banhda2/framework/web/filters/CInlineFilter.php(58): Controller->filterProjectContext(Object(CFilterChain))
#7 /var/www/html/banhda2/framework/web/filters/CFilterChain.php(130): CInlineFilter->filter(Object(CFilterChain))
#8 /var/www/html/banhda2/framework/web/filters/CFilter.php(40): CFilterChain->run()
#9 /var/www/html/banhda2/framework/web/CController.php(1145): CFilter->filter(Object(CFilterChain))
#10 /var/www/html/banhda2/framework/web/filters/CInlineFilter.php(58): CController->filterAccessControl(Object(CFilterChain))
#11 /var/www/html/banhda2/framework/web/filters/CFilterChain.php(130): CInlineFilter->filter(Object(CFilterChain))
#12 /var/www/html/banhda2/framework/web/CController.php(291): CFilterChain->run()
#13 /var/www/html/banhda2/framework/web/CController.php(265): CController->runActionWithFilters(Object(CInlineAction), Array)
#14 /var/www/html/banhda2/framework/web/CWebApplication.php(282): CController->run('')
#15 /var/www/html/banhda2/framework/web/CWebApplication.php(141): CWebApplication->runController('')
#16 /var/www/html/banhda2/framework/base/CApplication.php(180): CWebApplication->processRequest()
#17 /var/www/html/banhda2/BanhDa/index.php(13): CApplication->run()
#18 {main}
REQUEST_URI=/banhda2/BanhDa/
---
2017/03/17 09:49:05 [error] [exception.CDbException] exception 'CDbException' with message 'CDbConnection failed to open the DB connection: SQLSTATE[HY000] [1045] Access denied for user 'otd'@'localhost' (using password: YES)' in /var/www/html/banhda2/framework/db/CDbConnection.php:382
Stack trace:
#0 /var/www/html/banhda2/framework/db/CDbConnection.php(330): CDbConnection->open()
#1 /var/www/html/banhda2/framework/db/CDbConnection.php(308): CDbConnection->setActive(true)
#2 /var/www/html/banhda2/framework/base/CModule.php(387): CDbConnection->init()
#3 /var/www/html/banhda2/framework/base/CModule.php(103): CModule->getComponent('db')
#4 /var/www/html/banhda2/BanhDa/protected/models/Viewcounts.php(89): CModule->__get('db')
#5 /var/www/html/banhda2/BanhDa/protected/components/Controller.php(37): Viewcounts->newVisit()
#6 /var/www/html/banhda2/framework/web/filters/CInlineFilter.php(58): Controller->filterProjectContext(Object(CFilterChain))
#7 /var/www/html/banhda2/framework/web/filters/CFilterChain.php(130): CInlineFilter->filter(Object(CFilterChain))
#8 /var/www/html/banhda2/framework/web/filters/CFilter.php(40): CFilterChain->run()
#9 /var/www/html/banhda2/framework/web/CController.php(1145): CFilter->filter(Object(CFilterChain))
#10 /var/www/html/banhda2/framework/web/filters/CInlineFilter.php(58): CController->filterAccessControl(Object(CFilterChain))
#11 /var/www/html/banhda2/framework/web/filters/CFilterChain.php(130): CInlineFilter->filter(Object(CFilterChain))
#12 /var/www/html/banhda2/framework/web/CController.php(291): CFilterChain->run()
#13 /var/www/html/banhda2/framework/web/CController.php(265): CController->runActionWithFilters(Object(CInlineAction), Array)
#14 /var/www/html/banhda2/framework/web/CWebApplication.php(282): CController->run('')
#15 /var/www/html/banhda2/framework/web/CWebApplication.php(141): CWebApplication->runController('')
#16 /var/www/html/banhda2/framework/base/CApplication.php(180): CWebApplication->processRequest()
#17 /var/www/html/banhda2/BanhDa/index.php(13): CApplication->run()
#18 {main}
REQUEST_URI=/banhda2/BanhDa/
HTTP_REFERER=http://52.193.203.13/banhda2/
---
2017/03/17 10:01:34 [error] [exception.CDbException] exception 'CDbException' with message 'CDbConnection failed to open the DB connection: SQLSTATE[HY000] [1045] Access denied for user 'otd'@'localhost' (using password: YES)' in /var/www/html/banhda2/framework/db/CDbConnection.php:382
Stack trace:
#0 /var/www/html/banhda2/framework/db/CDbConnection.php(330): CDbConnection->open()
#1 /var/www/html/banhda2/framework/db/CDbConnection.php(308): CDbConnection->setActive(true)
#2 /var/www/html/banhda2/framework/base/CModule.php(387): CDbConnection->init()
#3 /var/www/html/banhda2/framework/base/CModule.php(103): CModule->getComponent('db')
#4 /var/www/html/banhda2/BanhDa/protected/models/Viewcounts.php(89): CModule->__get('db')
#5 /var/www/html/banhda2/BanhDa/protected/components/Controller.php(37): Viewcounts->newVisit()
#6 /var/www/html/banhda2/framework/web/filters/CInlineFilter.php(58): Controller->filterProjectContext(Object(CFilterChain))
#7 /var/www/html/banhda2/framework/web/filters/CFilterChain.php(130): CInlineFilter->filter(Object(CFilterChain))
#8 /var/www/html/banhda2/framework/web/filters/CFilter.php(40): CFilterChain->run()
#9 /var/www/html/banhda2/framework/web/CController.php(1145): CFilter->filter(Object(CFilterChain))
#10 /var/www/html/banhda2/framework/web/filters/CInlineFilter.php(58): CController->filterAccessControl(Object(CFilterChain))
#11 /var/www/html/banhda2/framework/web/filters/CFilterChain.php(130): CInlineFilter->filter(Object(CFilterChain))
#12 /var/www/html/banhda2/framework/web/CController.php(291): CFilterChain->run()
#13 /var/www/html/banhda2/framework/web/CController.php(265): CController->runActionWithFilters(Object(CInlineAction), Array)
#14 /var/www/html/banhda2/framework/web/CWebApplication.php(282): CController->run('')
#15 /var/www/html/banhda2/framework/web/CWebApplication.php(141): CWebApplication->runController('')
#16 /var/www/html/banhda2/framework/base/CApplication.php(180): CWebApplication->processRequest()
#17 /var/www/html/banhda2/BanhDa/index.php(13): CApplication->run()
#18 {main}
REQUEST_URI=/banhda2/BanhDa/
---
2017/03/17 10:01:39 [error] [exception.CDbException] exception 'CDbException' with message 'CDbConnection failed to open the DB connection: SQLSTATE[HY000] [1045] Access denied for user 'otd'@'localhost' (using password: YES)' in /var/www/html/banhda2/framework/db/CDbConnection.php:382
Stack trace:
#0 /var/www/html/banhda2/framework/db/CDbConnection.php(330): CDbConnection->open()
#1 /var/www/html/banhda2/framework/db/CDbConnection.php(308): CDbConnection->setActive(true)
#2 /var/www/html/banhda2/framework/base/CModule.php(387): CDbConnection->init()
#3 /var/www/html/banhda2/framework/base/CModule.php(103): CModule->getComponent('db')
#4 /var/www/html/banhda2/BanhDa/protected/models/Viewcounts.php(89): CModule->__get('db')
#5 /var/www/html/banhda2/BanhDa/protected/components/Controller.php(37): Viewcounts->newVisit()
#6 /var/www/html/banhda2/framework/web/filters/CInlineFilter.php(58): Controller->filterProjectContext(Object(CFilterChain))
#7 /var/www/html/banhda2/framework/web/filters/CFilterChain.php(130): CInlineFilter->filter(Object(CFilterChain))
#8 /var/www/html/banhda2/framework/web/filters/CFilter.php(40): CFilterChain->run()
#9 /var/www/html/banhda2/framework/web/CController.php(1145): CFilter->filter(Object(CFilterChain))
#10 /var/www/html/banhda2/framework/web/filters/CInlineFilter.php(58): CController->filterAccessControl(Object(CFilterChain))
#11 /var/www/html/banhda2/framework/web/filters/CFilterChain.php(130): CInlineFilter->filter(Object(CFilterChain))
#12 /var/www/html/banhda2/framework/web/CController.php(291): CFilterChain->run()
#13 /var/www/html/banhda2/framework/web/CController.php(265): CController->runActionWithFilters(Object(CInlineAction), Array)
#14 /var/www/html/banhda2/framework/web/CWebApplication.php(282): CController->run('')
#15 /var/www/html/banhda2/framework/web/CWebApplication.php(141): CWebApplication->runController('')
#16 /var/www/html/banhda2/framework/base/CApplication.php(180): CWebApplication->processRequest()
#17 /var/www/html/banhda2/BanhDa/index.php(13): CApplication->run()
#18 {main}
REQUEST_URI=/banhda2/BanhDa/
HTTP_REFERER=http://52.193.203.13/banhda2/
---
2017/03/17 10:08:01 [error] [exception.CDbException] exception 'CDbException' with message 'CDbConnection failed to open the DB connection: SQLSTATE[HY000] [1045] Access denied for user 'otd'@'localhost' (using password: YES)' in /var/www/html/banhda2/framework/db/CDbConnection.php:382
Stack trace:
#0 /var/www/html/banhda2/framework/db/CDbConnection.php(330): CDbConnection->open()
#1 /var/www/html/banhda2/framework/db/CDbConnection.php(308): CDbConnection->setActive(true)
#2 /var/www/html/banhda2/framework/base/CModule.php(387): CDbConnection->init()
#3 /var/www/html/banhda2/framework/base/CModule.php(103): CModule->getComponent('db')
#4 /var/www/html/banhda2/BanhDa/protected/models/Viewcounts.php(89): CModule->__get('db')
#5 /var/www/html/banhda2/BanhDa/protected/components/Controller.php(37): Viewcounts->newVisit()
#6 /var/www/html/banhda2/framework/web/filters/CInlineFilter.php(58): Controller->filterProjectContext(Object(CFilterChain))
#7 /var/www/html/banhda2/framework/web/filters/CFilterChain.php(130): CInlineFilter->filter(Object(CFilterChain))
#8 /var/www/html/banhda2/framework/web/filters/CFilter.php(40): CFilterChain->run()
#9 /var/www/html/banhda2/framework/web/CController.php(1145): CFilter->filter(Object(CFilterChain))
#10 /var/www/html/banhda2/framework/web/filters/CInlineFilter.php(58): CController->filterAccessControl(Object(CFilterChain))
#11 /var/www/html/banhda2/framework/web/filters/CFilterChain.php(130): CInlineFilter->filter(Object(CFilterChain))
#12 /var/www/html/banhda2/framework/web/CController.php(291): CFilterChain->run()
#13 /var/www/html/banhda2/framework/web/CController.php(265): CController->runActionWithFilters(Object(CInlineAction), Array)
#14 /var/www/html/banhda2/framework/web/CWebApplication.php(282): CController->run('')
#15 /var/www/html/banhda2/framework/web/CWebApplication.php(141): CWebApplication->runController('')
#16 /var/www/html/banhda2/framework/base/CApplication.php(180): CWebApplication->processRequest()
#17 /var/www/html/banhda2/BanhDa/index.php(13): CApplication->run()
#18 {main}
REQUEST_URI=/banhda2/BanhDa/
---
2017/03/17 10:08:07 [error] [exception.CDbException] exception 'CDbException' with message 'CDbConnection failed to open the DB connection: SQLSTATE[HY000] [1045] Access denied for user 'otd'@'localhost' (using password: YES)' in /var/www/html/banhda2/framework/db/CDbConnection.php:382
Stack trace:
#0 /var/www/html/banhda2/framework/db/CDbConnection.php(330): CDbConnection->open()
#1 /var/www/html/banhda2/framework/db/CDbConnection.php(308): CDbConnection->setActive(true)
#2 /var/www/html/banhda2/framework/base/CModule.php(387): CDbConnection->init()
#3 /var/www/html/banhda2/framework/base/CModule.php(103): CModule->getComponent('db')
#4 /var/www/html/banhda2/BanhDa/protected/models/Viewcounts.php(89): CModule->__get('db')
#5 /var/www/html/banhda2/BanhDa/protected/components/Controller.php(37): Viewcounts->newVisit()
#6 /var/www/html/banhda2/framework/web/filters/CInlineFilter.php(58): Controller->filterProjectContext(Object(CFilterChain))
#7 /var/www/html/banhda2/framework/web/filters/CFilterChain.php(130): CInlineFilter->filter(Object(CFilterChain))
#8 /var/www/html/banhda2/framework/web/filters/CFilter.php(40): CFilterChain->run()
#9 /var/www/html/banhda2/framework/web/CController.php(1145): CFilter->filter(Object(CFilterChain))
#10 /var/www/html/banhda2/framework/web/filters/CInlineFilter.php(58): CController->filterAccessControl(Object(CFilterChain))
#11 /var/www/html/banhda2/framework/web/filters/CFilterChain.php(130): CInlineFilter->filter(Object(CFilterChain))
#12 /var/www/html/banhda2/framework/web/CController.php(291): CFilterChain->run()
#13 /var/www/html/banhda2/framework/web/CController.php(265): CController->runActionWithFilters(Object(CInlineAction), Array)
#14 /var/www/html/banhda2/framework/web/CWebApplication.php(282): CController->run('')
#15 /var/www/html/banhda2/framework/web/CWebApplication.php(141): CWebApplication->runController('')
#16 /var/www/html/banhda2/framework/base/CApplication.php(180): CWebApplication->processRequest()
#17 /var/www/html/banhda2/BanhDa/index.php(13): CApplication->run()
#18 {main}
REQUEST_URI=/banhda2/BanhDa/
HTTP_REFERER=http://52.193.203.13/banhda2/
---
2017/03/17 10:27:44 [error] [exception.CHttpException.404] exception 'CHttpException' with message 'The system is unable to find the requested action "mychu_files".' in /var/www/html/banhda2/framework/web/CController.php:483
Stack trace:
#0 /var/www/html/banhda2/framework/web/CController.php(270): CController->missingAction('mychu_files')
#1 /var/www/html/banhda2/framework/web/CWebApplication.php(282): CController->run('mychu_files')
#2 /var/www/html/banhda2/framework/web/CWebApplication.php(141): CWebApplication->runController('amthuc/mychu_fi...')
#3 /var/www/html/banhda2/framework/base/CApplication.php(180): CWebApplication->processRequest()
#4 /var/www/html/banhda2/BanhDa/index.php(13): CApplication->run()
#5 {main}
REQUEST_URI=/banhda2/BanhDa/amthuc/mychu_files/menungang1.png
HTTP_REFERER=http://52.193.203.13/banhda2/BanhDa/amthuc/2
---
2017/03/17 10:27:47 [error] [exception.CHttpException.404] exception 'CHttpException' with message 'The system is unable to find the requested action "mychu_files".' in /var/www/html/banhda2/framework/web/CController.php:483
Stack trace:
#0 /var/www/html/banhda2/framework/web/CController.php(270): CController->missingAction('mychu_files')
#1 /var/www/html/banhda2/framework/web/CWebApplication.php(282): CController->run('mychu_files')
#2 /var/www/html/banhda2/framework/web/CWebApplication.php(141): CWebApplication->runController('categorys/mychu...')
#3 /var/www/html/banhda2/framework/base/CApplication.php(180): CWebApplication->processRequest()
#4 /var/www/html/banhda2/BanhDa/index.php(13): CApplication->run()
#5 {main}
REQUEST_URI=/banhda2/BanhDa/categorys/mychu_files/menungang1.png
HTTP_REFERER=http://52.193.203.13/banhda2/BanhDa/categorys/1
---
2017/03/17 10:27:49 [error] [exception.CHttpException.404] exception 'CHttpException' with message 'The system is unable to find the requested action "mychu_files".' in /var/www/html/banhda2/framework/web/CController.php:483
Stack trace:
#0 /var/www/html/banhda2/framework/web/CController.php(270): CController->missingAction('mychu_files')
#1 /var/www/html/banhda2/framework/web/CWebApplication.php(282): CController->run('mychu_files')
#2 /var/www/html/banhda2/framework/web/CWebApplication.php(141): CWebApplication->runController('homes/mychu_fil...')
#3 /var/www/html/banhda2/framework/base/CApplication.php(180): CWebApplication->processRequest()
#4 /var/www/html/banhda2/BanhDa/index.php(13): CApplication->run()
#5 {main}
REQUEST_URI=/banhda2/BanhDa/homes/mychu_files/menungang1.png
HTTP_REFERER=http://52.193.203.13/banhda2/BanhDa/homes/index
---
2017/03/17 10:27:49 [error] [exception.CHttpException.404] exception 'CHttpException' with message 'The system is unable to find the requested action "mychu_files".' in /var/www/html/banhda2/framework/web/CController.php:483
Stack trace:
#0 /var/www/html/banhda2/framework/web/CController.php(270): CController->missingAction('mychu_files')
#1 /var/www/html/banhda2/framework/web/CWebApplication.php(282): CController->run('mychu_files')
#2 /var/www/html/banhda2/framework/web/CWebApplication.php(141): CWebApplication->runController('homes/mychu_fil...')
#3 /var/www/html/banhda2/framework/base/CApplication.php(180): CWebApplication->processRequest()
#4 /var/www/html/banhda2/BanhDa/index.php(13): CApplication->run()
#5 {main}
REQUEST_URI=/banhda2/BanhDa/homes/mychu_files/menungang1.png
HTTP_REFERER=http://52.193.203.13/banhda2/BanhDa/homes/index
---
2017/03/17 10:27:49 [error] [exception.CHttpException.404] exception 'CHttpException' with message 'The system is unable to find the requested action "ajaxload.gif".' in /var/www/html/banhda2/framework/web/CController.php:483
Stack trace:
#0 /var/www/html/banhda2/framework/web/CController.php(270): CController->missingAction('ajaxload.gif')
#1 /var/www/html/banhda2/framework/web/CWebApplication.php(282): CController->run('ajaxload.gif')
#2 /var/www/html/banhda2/framework/web/CWebApplication.php(141): CWebApplication->runController('homes/ajaxload....')
#3 /var/www/html/banhda2/framework/base/CApplication.php(180): CWebApplication->processRequest()
#4 /var/www/html/banhda2/BanhDa/index.php(13): CApplication->run()
#5 {main}
REQUEST_URI=/banhda2/BanhDa/homes/ajaxload.gif
HTTP_REFERER=http://52.193.203.13/banhda2/BanhDa/homes/index
---
2017/03/17 10:27:50 [error] [exception.CException] exception 'CException' with message 'Property "Products.status" is not defined.' in /var/www/html/banhda2/framework/base/CComponent.php:130
Stack trace:
#0 /var/www/html/banhda2/framework/db/ar/CActiveRecord.php(145): CComponent->__get('status')
#1 /var/www/html/banhda2/BanhDa/protected/views/products/view.php(24): CActiveRecord->__get('status')
#2 /var/www/html/banhda2/framework/web/CBaseController.php(126): require('/var/www/html/b...')
#3 /var/www/html/banhda2/framework/web/CBaseController.php(95): CBaseController->renderInternal('/var/www/html/b...', Array, true)
#4 /var/www/html/banhda2/framework/web/CController.php(869): CBaseController->renderFile('/var/www/html/b...', Array, true)
#5 /var/www/html/banhda2/framework/web/CController.php(782): CController->renderPartial('view', Array, true)
#6 /var/www/html/banhda2/BanhDa/protected/controllers/ProductsController.php(75): CController->render('view', Array)
#7 [internal function]: ProductsController->actionView('19')
#8 /var/www/html/banhda2/framework/web/actions/CAction.php(108): ReflectionMethod->invokeArgs(Object(ProductsController), Array)
#9 /var/www/html/banhda2/framework/web/actions/CInlineAction.php(47): CAction->runWithParamsInternal(Object(ProductsController), Object(ReflectionMethod), Array)
#10 /var/www/html/banhda2/framework/web/CController.php(308): CInlineAction->runWithParams(Array)
#11 /var/www/html/banhda2/framework/web/filters/CFilterChain.php(133): CController->runAction(Object(CInlineAction))
#12 /var/www/html/banhda2/BanhDa/protected/components/Controller.php(46): CFilterChain->run()
#13 /var/www/html/banhda2/framework/web/filters/CInlineFilter.php(58): Controller->filterProjectContext(Object(CFilterChain))
#14 /var/www/html/banhda2/framework/web/filters/CFilterChain.php(130): CInlineFilter->filter(Object(CFilterChain))
#15 /var/www/html/banhda2/framework/web/filters/CFilter.php(40): CFilterChain->run()
#16 /var/www/html/banhda2/framework/web/CController.php(1145): CFilter->filter(Object(CFilterChain))
#17 /var/www/html/banhda2/framework/web/filters/CInlineFilter.php(58): CController->filterAccessControl(Object(CFilterChain))
#18 /var/www/html/banhda2/framework/web/filters/CFilterChain.php(130): CInlineFilter->filter(Object(CFilterChain))
#19 /var/www/html/banhda2/framework/web/CController.php(291): CFilterChain->run()
#20 /var/www/html/banhda2/framework/web/CController.php(265): CController->runActionWithFilters(Object(CInlineAction), Array)
#21 /var/www/html/banhda2/framework/web/CWebApplication.php(282): CController->run('view')
#22 /var/www/html/banhda2/framework/web/CWebApplication.php(141): CWebApplication->runController('products/view')
#23 /var/www/html/banhda2/framework/base/CApplication.php(180): CWebApplication->processRequest()
#24 /var/www/html/banhda2/BanhDa/index.php(13): CApplication->run()
#25 {main}
REQUEST_URI=/banhda2/BanhDa/products/19
HTTP_REFERER=http://52.193.203.13/banhda2/BanhDa/homes/index
---
2017/03/17 10:28:07 [error] [exception.CHttpException.404] exception 'CHttpException' with message 'The system is unable to find the requested action "mychu_files".' in /var/www/html/banhda2/framework/web/CController.php:483
Stack trace:
#0 /var/www/html/banhda2/framework/web/CController.php(270): CController->missingAction('mychu_files')
#1 /var/www/html/banhda2/framework/web/CWebApplication.php(282): CController->run('mychu_files')
#2 /var/www/html/banhda2/framework/web/CWebApplication.php(141): CWebApplication->runController('homes/mychu_fil...')
#3 /var/www/html/banhda2/framework/base/CApplication.php(180): CWebApplication->processRequest()
#4 /var/www/html/banhda2/BanhDa/index.php(13): CApplication->run()
#5 {main}
REQUEST_URI=/banhda2/BanhDa/homes/mychu_files/menungang1.png
HTTP_REFERER=http://52.193.203.13/banhda2/BanhDa/homes/index
---
2017/03/17 10:28:07 [error] [exception.CHttpException.404] exception 'CHttpException' with message 'The system is unable to find the requested action "mychu_files".' in /var/www/html/banhda2/framework/web/CController.php:483
Stack trace:
#0 /var/www/html/banhda2/framework/web/CController.php(270): CController->missingAction('mychu_files')
#1 /var/www/html/banhda2/framework/web/CWebApplication.php(282): CController->run('mychu_files')
#2 /var/www/html/banhda2/framework/web/CWebApplication.php(141): CWebApplication->runController('homes/mychu_fil...')
#3 /var/www/html/banhda2/framework/base/CApplication.php(180): CWebApplication->processRequest()
#4 /var/www/html/banhda2/BanhDa/index.php(13): CApplication->run()
#5 {main}
REQUEST_URI=/banhda2/BanhDa/homes/mychu_files/menungang1.png
HTTP_REFERER=http://52.193.203.13/banhda2/BanhDa/homes/index
---
2017/03/17 10:28:07 [error] [exception.CHttpException.404] exception 'CHttpException' with message 'The system is unable to find the requested action "ajaxload.gif".' in /var/www/html/banhda2/framework/web/CController.php:483
Stack trace:
#0 /var/www/html/banhda2/framework/web/CController.php(270): CController->missingAction('ajaxload.gif')
#1 /var/www/html/banhda2/framework/web/CWebApplication.php(282): CController->run('ajaxload.gif')
#2 /var/www/html/banhda2/framework/web/CWebApplication.php(141): CWebApplication->runController('homes/ajaxload....')
#3 /var/www/html/banhda2/framework/base/CApplication.php(180): CWebApplication->processRequest()
#4 /var/www/html/banhda2/BanhDa/index.php(13): CApplication->run()
#5 {main}
REQUEST_URI=/banhda2/BanhDa/homes/ajaxload.gif
HTTP_REFERER=http://52.193.203.13/banhda2/BanhDa/homes/index
---
2017/03/17 10:28:11 [error] [exception.CException] exception 'CException' with message 'Property "Products.status" is not defined.' in /var/www/html/banhda2/framework/base/CComponent.php:130
Stack trace:
#0 /var/www/html/banhda2/framework/db/ar/CActiveRecord.php(145): CComponent->__get('status')
#1 /var/www/html/banhda2/BanhDa/protected/views/products/view.php(24): CActiveRecord->__get('status')
#2 /var/www/html/banhda2/framework/web/CBaseController.php(126): require('/var/www/html/b...')
#3 /var/www/html/banhda2/framework/web/CBaseController.php(95): CBaseController->renderInternal('/var/www/html/b...', Array, true)
#4 /var/www/html/banhda2/framework/web/CController.php(869): CBaseController->renderFile('/var/www/html/b...', Array, true)
#5 /var/www/html/banhda2/framework/web/CController.php(782): CController->renderPartial('view', Array, true)
#6 /var/www/html/banhda2/BanhDa/protected/controllers/ProductsController.php(75): CController->render('view', Array)
#7 [internal function]: ProductsController->actionView('19')
#8 /var/www/html/banhda2/framework/web/actions/CAction.php(108): ReflectionMethod->invokeArgs(Object(ProductsController), Array)
#9 /var/www/html/banhda2/framework/web/actions/CInlineAction.php(47): CAction->runWithParamsInternal(Object(ProductsController), Object(ReflectionMethod), Array)
#10 /var/www/html/banhda2/framework/web/CController.php(308): CInlineAction->runWithParams(Array)
#11 /var/www/html/banhda2/framework/web/filters/CFilterChain.php(133): CController->runAction(Object(CInlineAction))
#12 /var/www/html/banhda2/BanhDa/protected/components/Controller.php(46): CFilterChain->run()
#13 /var/www/html/banhda2/framework/web/filters/CInlineFilter.php(58): Controller->filterProjectContext(Object(CFilterChain))
#14 /var/www/html/banhda2/framework/web/filters/CFilterChain.php(130): CInlineFilter->filter(Object(CFilterChain))
#15 /var/www/html/banhda2/framework/web/filters/CFilter.php(40): CFilterChain->run()
#16 /var/www/html/banhda2/framework/web/CController.php(1145): CFilter->filter(Object(CFilterChain))
#17 /var/www/html/banhda2/framework/web/filters/CInlineFilter.php(58): CController->filterAccessControl(Object(CFilterChain))
#18 /var/www/html/banhda2/framework/web/filters/CFilterChain.php(130): CInlineFilter->filter(Object(CFilterChain))
#19 /var/www/html/banhda2/framework/web/CController.php(291): CFilterChain->run()
#20 /var/www/html/banhda2/framework/web/CController.php(265): CController->runActionWithFilters(Object(CInlineAction), Array)
#21 /var/www/html/banhda2/framework/web/CWebApplication.php(282): CController->run('view')
#22 /var/www/html/banhda2/framework/web/CWebApplication.php(141): CWebApplication->runController('products/view')
#23 /var/www/html/banhda2/framework/base/CApplication.php(180): CWebApplication->processRequest()
#24 /var/www/html/banhda2/BanhDa/index.php(13): CApplication->run()
#25 {main}
REQUEST_URI=/banhda2/BanhDa/products/19
HTTP_REFERER=http://52.193.203.13/banhda2/BanhDa/homes/index
---
2017/03/17 10:28:17 [error] [exception.CHttpException.404] exception 'CHttpException' with message 'The system is unable to find the requested action "mychu_files".' in /var/www/html/banhda2/framework/web/CController.php:483
Stack trace:
#0 /var/www/html/banhda2/framework/web/CController.php(270): CController->missingAction('mychu_files')
#1 /var/www/html/banhda2/framework/web/CWebApplication.php(282): CController->run('mychu_files')
#2 /var/www/html/banhda2/framework/web/CWebApplication.php(141): CWebApplication->runController('homes/mychu_fil...')
#3 /var/www/html/banhda2/framework/base/CApplication.php(180): CWebApplication->processRequest()
#4 /var/www/html/banhda2/BanhDa/index.php(13): CApplication->run()
#5 {main}
REQUEST_URI=/banhda2/BanhDa/homes/mychu_files/menungang1.png
HTTP_REFERER=http://52.193.203.13/banhda2/BanhDa/homes/index
---
2017/03/17 10:28:17 [error] [exception.CHttpException.404] exception 'CHttpException' with message 'The system is unable to find the requested action "mychu_files".' in /var/www/html/banhda2/framework/web/CController.php:483
Stack trace:
#0 /var/www/html/banhda2/framework/web/CController.php(270): CController->missingAction('mychu_files')
#1 /var/www/html/banhda2/framework/web/CWebApplication.php(282): CController->run('mychu_files')
#2 /var/www/html/banhda2/framework/web/CWebApplication.php(141): CWebApplication->runController('homes/mychu_fil...')
#3 /var/www/html/banhda2/framework/base/CApplication.php(180): CWebApplication->processRequest()
#4 /var/www/html/banhda2/BanhDa/index.php(13): CApplication->run()
#5 {main}
REQUEST_URI=/banhda2/BanhDa/homes/mychu_files/menungang1.png
HTTP_REFERER=http://52.193.203.13/banhda2/BanhDa/homes/index
---
2017/03/17 10:28:17 [error] [exception.CHttpException.404] exception 'CHttpException' with message 'The system is unable to find the requested action "ajaxload.gif".' in /var/www/html/banhda2/framework/web/CController.php:483
Stack trace:
#0 /var/www/html/banhda2/framework/web/CController.php(270): CController->missingAction('ajaxload.gif')
#1 /var/www/html/banhda2/framework/web/CWebApplication.php(282): CController->run('ajaxload.gif')
#2 /var/www/html/banhda2/framework/web/CWebApplication.php(141): CWebApplication->runController('homes/ajaxload....')
#3 /var/www/html/banhda2/framework/base/CApplication.php(180): CWebApplication->processRequest()
#4 /var/www/html/banhda2/BanhDa/index.php(13): CApplication->run()
#5 {main}
REQUEST_URI=/banhda2/BanhDa/homes/ajaxload.gif
HTTP_REFERER=http://52.193.203.13/banhda2/BanhDa/homes/index
---
2017/03/17 10:28:19 [error] [exception.CHttpException.404] exception 'CHttpException' with message 'The system is unable to find the requested action "mychu_files".' in /var/www/html/banhda2/framework/web/CController.php:483
Stack trace:
#0 /var/www/html/banhda2/framework/web/CController.php(270): CController->missingAction('mychu_files')
#1 /var/www/html/banhda2/framework/web/CWebApplication.php(282): CController->run('mychu_files')
#2 /var/www/html/banhda2/framework/web/CWebApplication.php(141): CWebApplication->runController('categorys/mychu...')
#3 /var/www/html/banhda2/framework/base/CApplication.php(180): CWebApplication->processRequest()
#4 /var/www/html/banhda2/BanhDa/index.php(13): CApplication->run()
#5 {main}
REQUEST_URI=/banhda2/BanhDa/categorys/mychu_files/menungang1.png
HTTP_REFERER=http://52.193.203.13/banhda2/BanhDa/categorys/1
---
2017/03/17 10:28:21 [error] [exception.CHttpException.404] exception 'CHttpException' with message 'The system is unable to find the requested action "mychu_files".' in /var/www/html/banhda2/framework/web/CController.php:483
Stack trace:
#0 /var/www/html/banhda2/framework/web/CController.php(270): CController->missingAction('mychu_files')
#1 /var/www/html/banhda2/framework/web/CWebApplication.php(282): CController->run('mychu_files')
#2 /var/www/html/banhda2/framework/web/CWebApplication.php(141): CWebApplication->runController('categorys/mychu...')
#3 /var/www/html/banhda2/framework/base/CApplication.php(180): CWebApplication->processRequest()
#4 /var/www/html/banhda2/BanhDa/index.php(13): CApplication->run()
#5 {main}
REQUEST_URI=/banhda2/BanhDa/categorys/mychu_files/menungang1.png
HTTP_REFERER=http://52.193.203.13/banhda2/BanhDa/categorys/2
---
2017/03/17 10:28:22 [error] [exception.CHttpException.404] exception 'CHttpException' with message 'Unable to resolve the request "images/category/98d59155da5310007936a9b9ea79f840.jpg".' in /var/www/html/banhda2/framework/web/CWebApplication.php:286
Stack trace:
#0 /var/www/html/banhda2/framework/web/CWebApplication.php(141): CWebApplication->runController('images/category...')
#1 /var/www/html/banhda2/framework/base/CApplication.php(180): CWebApplication->processRequest()
#2 /var/www/html/banhda2/BanhDa/index.php(13): CApplication->run()
#3 {main}
REQUEST_URI=/banhda2/BanhDa/images/category/98d59155da5310007936a9b9ea79f840.jpg
HTTP_REFERER=http://52.193.203.13/banhda2/BanhDa/categorys/3
---
2017/03/17 10:28:22 [error] [exception.CHttpException.404] exception 'CHttpException' with message 'Unable to resolve the request "images/category/be325d2c2f65107b98812b23535da62c.jpg".' in /var/www/html/banhda2/framework/web/CWebApplication.php:286
Stack trace:
#0 /var/www/html/banhda2/framework/web/CWebApplication.php(141): CWebApplication->runController('images/category...')
#1 /var/www/html/banhda2/framework/base/CApplication.php(180): CWebApplication->processRequest()
#2 /var/www/html/banhda2/BanhDa/index.php(13): CApplication->run()
#3 {main}
REQUEST_URI=/banhda2/BanhDa/images/category/be325d2c2f65107b98812b23535da62c.jpg
HTTP_REFERER=http://52.193.203.13/banhda2/BanhDa/categorys/3
---
2017/03/17 10:28:22 [error] [exception.CHttpException.404] exception 'CHttpException' with message 'Unable to resolve the request "images/category/2ef67b945f00e874eaf8140e195b2fab.jpg".' in /var/www/html/banhda2/framework/web/CWebApplication.php:286
Stack trace:
#0 /var/www/html/banhda2/framework/web/CWebApplication.php(141): CWebApplication->runController('images/category...')
#1 /var/www/html/banhda2/framework/base/CApplication.php(180): CWebApplication->processRequest()
#2 /var/www/html/banhda2/BanhDa/index.php(13): CApplication->run()
#3 {main}
REQUEST_URI=/banhda2/BanhDa/images/category/2ef67b945f00e874eaf8140e195b2fab.jpg
HTTP_REFERER=http://52.193.203.13/banhda2/BanhDa/categorys/3
---
2017/03/17 10:28:22 [error] [exception.CHttpException.404] exception 'CHttpException' with message 'Unable to resolve the request "images/category/d59ec7d61ce9e87a6dfaa6b011aaa2a1.jpg".' in /var/www/html/banhda2/framework/web/CWebApplication.php:286
Stack trace:
#0 /var/www/html/banhda2/framework/web/CWebApplication.php(141): CWebApplication->runController('images/category...')
#1 /var/www/html/banhda2/framework/base/CApplication.php(180): CWebApplication->processRequest()
#2 /var/www/html/banhda2/BanhDa/index.php(13): CApplication->run()
#3 {main}
REQUEST_URI=/banhda2/BanhDa/images/category/d59ec7d61ce9e87a6dfaa6b011aaa2a1.jpg
HTTP_REFERER=http://52.193.203.13/banhda2/BanhDa/categorys/3
---
2017/03/17 10:28:22 [error] [exception.CHttpException.404] exception 'CHttpException' with message 'The system is unable to find the requested action "mychu_files".' in /var/www/html/banhda2/framework/web/CController.php:483
Stack trace:
#0 /var/www/html/banhda2/framework/web/CController.php(270): CController->missingAction('mychu_files')
#1 /var/www/html/banhda2/framework/web/CWebApplication.php(282): CController->run('mychu_files')
#2 /var/www/html/banhda2/framework/web/CWebApplication.php(141): CWebApplication->runController('categorys/mychu...')
#3 /var/www/html/banhda2/framework/base/CApplication.php(180): CWebApplication->processRequest()
#4 /var/www/html/banhda2/BanhDa/index.php(13): CApplication->run()
#5 {main}
REQUEST_URI=/banhda2/BanhDa/categorys/mychu_files/menungang1.png
HTTP_REFERER=http://52.193.203.13/banhda2/BanhDa/categorys/3
---
2017/03/17 10:28:28 [error] [exception.CHttpException.404] exception 'CHttpException' with message 'The system is unable to find the requested action "mychu_files".' in /var/www/html/banhda2/framework/web/CController.php:483
Stack trace:
#0 /var/www/html/banhda2/framework/web/CController.php(270): CController->missingAction('mychu_files')
#1 /var/www/html/banhda2/framework/web/CWebApplication.php(282): CController->run('mychu_files')
#2 /var/www/html/banhda2/framework/web/CWebApplication.php(141): CWebApplication->runController('categorys/mychu...')
#3 /var/www/html/banhda2/framework/base/CApplication.php(180): CWebApplication->processRequest()
#4 /var/www/html/banhda2/BanhDa/index.php(13): CApplication->run()
#5 {main}
REQUEST_URI=/banhda2/BanhDa/categorys/mychu_files/menungang1.png
HTTP_REFERER=http://52.193.203.13/banhda2/BanhDa/categorys/1
---
2017/03/17 10:28:32 [error] [exception.CHttpException.404] exception 'CHttpException' with message 'The system is unable to find the requested action "mychu_files".' in /var/www/html/banhda2/framework/web/CController.php:483
Stack trace:
#0 /var/www/html/banhda2/framework/web/CController.php(270): CController->missingAction('mychu_files')
#1 /var/www/html/banhda2/framework/web/CWebApplication.php(282): CController->run('mychu_files')
#2 /var/www/html/banhda2/framework/web/CWebApplication.php(141): CWebApplication->runController('homes/mychu_fil...')
#3 /var/www/html/banhda2/framework/base/CApplication.php(180): CWebApplication->processRequest()
#4 /var/www/html/banhda2/BanhDa/index.php(13): CApplication->run()
#5 {main}
REQUEST_URI=/banhda2/BanhDa/homes/mychu_files/menungang1.png
HTTP_REFERER=http://52.193.203.13/banhda2/BanhDa/homes/index
---
2017/03/17 10:28:32 [error] [exception.CHttpException.404] exception 'CHttpException' with message 'The system is unable to find the requested action "mychu_files".' in /var/www/html/banhda2/framework/web/CController.php:483
Stack trace:
#0 /var/www/html/banhda2/framework/web/CController.php(270): CController->missingAction('mychu_files')
#1 /var/www/html/banhda2/framework/web/CWebApplication.php(282): CController->run('mychu_files')
#2 /var/www/html/banhda2/framework/web/CWebApplication.php(141): CWebApplication->runController('homes/mychu_fil...')
#3 /var/www/html/banhda2/framework/base/CApplication.php(180): CWebApplication->processRequest()
#4 /var/www/html/banhda2/BanhDa/index.php(13): CApplication->run()
#5 {main}
REQUEST_URI=/banhda2/BanhDa/homes/mychu_files/menungang1.png
HTTP_REFERER=http://52.193.203.13/banhda2/BanhDa/homes/index
---
2017/03/17 10:28:32 [error] [exception.CHttpException.404] exception 'CHttpException' with message 'The system is unable to find the requested action "ajaxload.gif".' in /var/www/html/banhda2/framework/web/CController.php:483
Stack trace:
#0 /var/www/html/banhda2/framework/web/CController.php(270): CController->missingAction('ajaxload.gif')
#1 /var/www/html/banhda2/framework/web/CWebApplication.php(282): CController->run('ajaxload.gif')
#2 /var/www/html/banhda2/framework/web/CWebApplication.php(141): CWebApplication->runController('homes/ajaxload....')
#3 /var/www/html/banhda2/framework/base/CApplication.php(180): CWebApplication->processRequest()
#4 /var/www/html/banhda2/BanhDa/index.php(13): CApplication->run()
#5 {main}
REQUEST_URI=/banhda2/BanhDa/homes/ajaxload.gif
HTTP_REFERER=http://52.193.203.13/banhda2/BanhDa/homes/index
---
2017/03/17 10:28:35 [error] [exception.CHttpException.404] exception 'CHttpException' with message 'The system is unable to find the requested action "mychu_files".' in /var/www/html/banhda2/framework/web/CController.php:483
Stack trace:
#0 /var/www/html/banhda2/framework/web/CController.php(270): CController->missingAction('mychu_files')
#1 /var/www/html/banhda2/framework/web/CWebApplication.php(282): CController->run('mychu_files')
#2 /var/www/html/banhda2/framework/web/CWebApplication.php(141): CWebApplication->runController('amthuc/mychu_fi...')
#3 /var/www/html/banhda2/framework/base/CApplication.php(180): CWebApplication->processRequest()
#4 /var/www/html/banhda2/BanhDa/index.php(13): CApplication->run()
#5 {main}
REQUEST_URI=/banhda2/BanhDa/amthuc/mychu_files/menungang1.png
HTTP_REFERER=http://52.193.203.13/banhda2/BanhDa/amthuc/1
---
2017/03/17 10:28:38 [error] [exception.CHttpException.404] exception 'CHttpException' with message 'The system is unable to find the requested action "mychu_files".' in /var/www/html/banhda2/framework/web/CController.php:483
Stack trace:
#0 /var/www/html/banhda2/framework/web/CController.php(270): CController->missingAction('mychu_files')
#1 /var/www/html/banhda2/framework/web/CWebApplication.php(282): CController->run('mychu_files')
#2 /var/www/html/banhda2/framework/web/CWebApplication.php(141): CWebApplication->runController('amthuc/mychu_fi...')
#3 /var/www/html/banhda2/framework/base/CApplication.php(180): CWebApplication->processRequest()
#4 /var/www/html/banhda2/BanhDa/index.php(13): CApplication->run()
#5 {main}
REQUEST_URI=/banhda2/BanhDa/amthuc/mychu_files/menungang1.png
HTTP_REFERER=http://52.193.203.13/banhda2/BanhDa/amthuc/2
---
2017/03/17 10:28:40 [error] [exception.CHttpException.404] exception 'CHttpException' with message 'The system is unable to find the requested action "mychu_files".' in /var/www/html/banhda2/framework/web/CController.php:483
Stack trace:
#0 /var/www/html/banhda2/framework/web/CController.php(270): CController->missingAction('mychu_files')
#1 /var/www/html/banhda2/framework/web/CWebApplication.php(282): CController->run('mychu_files')
#2 /var/www/html/banhda2/framework/web/CWebApplication.php(141): CWebApplication->runController('amthuc/mychu_fi...')
#3 /var/www/html/banhda2/framework/base/CApplication.php(180): CWebApplication->processRequest()
#4 /var/www/html/banhda2/BanhDa/index.php(13): CApplication->run()
#5 {main}
REQUEST_URI=/banhda2/BanhDa/amthuc/mychu_files/menungang1.png
HTTP_REFERER=http://52.193.203.13/banhda2/BanhDa/amthuc/3
---
2017/03/17 10:28:42 [error] [exception.CHttpException.404] exception 'CHttpException' with message 'The system is unable to find the requested action "mychu_files".' in /var/www/html/banhda2/framework/web/CController.php:483
Stack trace:
#0 /var/www/html/banhda2/framework/web/CController.php(270): CController->missingAction('mychu_files')
#1 /var/www/html/banhda2/framework/web/CWebApplication.php(282): CController->run('mychu_files')
#2 /var/www/html/banhda2/framework/web/CWebApplication.php(141): CWebApplication->runController('amthuc/mychu_fi...')
#3 /var/www/html/banhda2/framework/base/CApplication.php(180): CWebApplication->processRequest()
#4 /var/www/html/banhda2/BanhDa/index.php(13): CApplication->run()
#5 {main}
REQUEST_URI=/banhda2/BanhDa/amthuc/mychu_files/menungang1.png
HTTP_REFERER=http://52.193.203.13/banhda2/BanhDa/amthuc/index
---
2017/03/17 10:28:43 [error] [exception.CHttpException.404] exception 'CHttpException' with message 'The system is unable to find the requested action "mychu_files".' in /var/www/html/banhda2/framework/web/CController.php:483
Stack trace:
#0 /var/www/html/banhda2/framework/web/CController.php(270): CController->missingAction('mychu_files')
#1 /var/www/html/banhda2/framework/web/CWebApplication.php(282): CController->run('mychu_files')
#2 /var/www/html/banhda2/framework/web/CWebApplication.php(141): CWebApplication->runController('amthuc/mychu_fi...')
#3 /var/www/html/banhda2/framework/base/CApplication.php(180): CWebApplication->processRequest()
#4 /var/www/html/banhda2/BanhDa/index.php(13): CApplication->run()
#5 {main}
REQUEST_URI=/banhda2/BanhDa/amthuc/mychu_files/menungang1.png
HTTP_REFERER=http://52.193.203.13/banhda2/BanhDa/amthuc/4
---
2017/03/17 10:28:45 [error] [exception.CHttpException.404] exception 'CHttpException' with message 'Unable to resolve the request "images/Product/a8a89db81036e9035e1f1dfcdc6993c8.jpg".' in /var/www/html/banhda2/framework/web/CWebApplication.php:286
Stack trace:
#0 /var/www/html/banhda2/framework/web/CWebApplication.php(141): CWebApplication->runController('images/Product/...')
#1 /var/www/html/banhda2/framework/base/CApplication.php(180): CWebApplication->processRequest()
#2 /var/www/html/banhda2/BanhDa/index.php(13): CApplication->run()
#3 {main}
REQUEST_URI=/banhda2/BanhDa/images/Product/a8a89db81036e9035e1f1dfcdc6993c8.jpg
HTTP_REFERER=http://52.193.203.13/banhda2/BanhDa/categorys/index
---
2017/03/17 10:28:45 [error] [exception.CHttpException.404] exception 'CHttpException' with message 'The system is unable to find the requested action "mychu_files".' in /var/www/html/banhda2/framework/web/CController.php:483
Stack trace:
#0 /var/www/html/banhda2/framework/web/CController.php(270): CController->missingAction('mychu_files')
#1 /var/www/html/banhda2/framework/web/CWebApplication.php(282): CController->run('mychu_files')
#2 /var/www/html/banhda2/framework/web/CWebApplication.php(141): CWebApplication->runController('categorys/mychu...')
#3 /var/www/html/banhda2/framework/base/CApplication.php(180): CWebApplication->processRequest()
#4 /var/www/html/banhda2/BanhDa/index.php(13): CApplication->run()
#5 {main}
REQUEST_URI=/banhda2/BanhDa/categorys/mychu_files/menungang1.png
HTTP_REFERER=http://52.193.203.13/banhda2/BanhDa/categorys/index
---
2017/03/17 10:28:46 [error] [exception.CHttpException.404] exception 'CHttpException' with message 'The system is unable to find the requested action "mychu_files".' in /var/www/html/banhda2/framework/web/CController.php:483
Stack trace:
#0 /var/www/html/banhda2/framework/web/CController.php(270): CController->missingAction('mychu_files')
#1 /var/www/html/banhda2/framework/web/CWebApplication.php(282): CController->run('mychu_files')
#2 /var/www/html/banhda2/framework/web/CWebApplication.php(141): CWebApplication->runController('categorys/mychu...')
#3 /var/www/html/banhda2/framework/base/CApplication.php(180): CWebApplication->processRequest()
#4 /var/www/html/banhda2/BanhDa/index.php(13): CApplication->run()
#5 {main}
REQUEST_URI=/banhda2/BanhDa/categorys/mychu_files/menungang1.png
HTTP_REFERER=http://52.193.203.13/banhda2/BanhDa/categorys/2
---
2017/03/17 10:28:47 [error] [exception.CException] exception 'CException' with message 'Property "Products.status" is not defined.' in /var/www/html/banhda2/framework/base/CComponent.php:130
Stack trace:
#0 /var/www/html/banhda2/framework/db/ar/CActiveRecord.php(145): CComponent->__get('status')
#1 /var/www/html/banhda2/BanhDa/protected/views/products/view.php(24): CActiveRecord->__get('status')
#2 /var/www/html/banhda2/framework/web/CBaseController.php(126): require('/var/www/html/b...')
#3 /var/www/html/banhda2/framework/web/CBaseController.php(95): CBaseController->renderInternal('/var/www/html/b...', Array, true)
#4 /var/www/html/banhda2/framework/web/CController.php(869): CBaseController->renderFile('/var/www/html/b...', Array, true)
#5 /var/www/html/banhda2/framework/web/CController.php(782): CController->renderPartial('view', Array, true)
#6 /var/www/html/banhda2/BanhDa/protected/controllers/ProductsController.php(75): CController->render('view', Array)
#7 [internal function]: ProductsController->actionView('20')
#8 /var/www/html/banhda2/framework/web/actions/CAction.php(108): ReflectionMethod->invokeArgs(Object(ProductsController), Array)
#9 /var/www/html/banhda2/framework/web/actions/CInlineAction.php(47): CAction->runWithParamsInternal(Object(ProductsController), Object(ReflectionMethod), Array)
#10 /var/www/html/banhda2/framework/web/CController.php(308): CInlineAction->runWithParams(Array)
#11 /var/www/html/banhda2/framework/web/filters/CFilterChain.php(133): CController->runAction(Object(CInlineAction))
#12 /var/www/html/banhda2/BanhDa/protected/components/Controller.php(46): CFilterChain->run()
#13 /var/www/html/banhda2/framework/web/filters/CInlineFilter.php(58): Controller->filterProjectContext(Object(CFilterChain))
#14 /var/www/html/banhda2/framework/web/filters/CFilterChain.php(130): CInlineFilter->filter(Object(CFilterChain))
#15 /var/www/html/banhda2/framework/web/filters/CFilter.php(40): CFilterChain->run()
#16 /var/www/html/banhda2/framework/web/CController.php(1145): CFilter->filter(Object(CFilterChain))
#17 /var/www/html/banhda2/framework/web/filters/CInlineFilter.php(58): CController->filterAccessControl(Object(CFilterChain))
#18 /var/www/html/banhda2/framework/web/filters/CFilterChain.php(130): CInlineFilter->filter(Object(CFilterChain))
#19 /var/www/html/banhda2/framework/web/CController.php(291): CFilterChain->run()
#20 /var/www/html/banhda2/framework/web/CController.php(265): CController->runActionWithFilters(Object(CInlineAction), Array)
#21 /var/www/html/banhda2/framework/web/CWebApplication.php(282): CController->run('view')
#22 /var/www/html/banhda2/framework/web/CWebApplication.php(141): CWebApplication->runController('products/view')
#23 /var/www/html/banhda2/framework/base/CApplication.php(180): CWebApplication->processRequest()
#24 /var/www/html/banhda2/BanhDa/index.php(13): CApplication->run()
#25 {main}
REQUEST_URI=/banhda2/BanhDa/products/20
HTTP_REFERER=http://52.193.203.13/banhda2/BanhDa/categorys/2
---
2017/03/17 10:43:55 [error] [exception.CHttpException.404] exception 'CHttpException' with message 'The system is unable to find the requested action "mychu_files".' in /var/www/html/banhda2/framework/web/CController.php:483
Stack trace:
#0 /var/www/html/banhda2/framework/web/CController.php(270): CController->missingAction('mychu_files')
#1 /var/www/html/banhda2/framework/web/CWebApplication.php(282): CController->run('mychu_files')
#2 /var/www/html/banhda2/framework/web/CWebApplication.php(141): CWebApplication->runController('products/mychu_...')
#3 /var/www/html/banhda2/framework/base/CApplication.php(180): CWebApplication->processRequest()
#4 /var/www/html/banhda2/BanhDa/index.php(13): CApplication->run()
#5 {main}
REQUEST_URI=/banhda2/BanhDa/products/mychu_files/menungang1.png
HTTP_REFERER=http://52.193.203.13/banhda2/BanhDa/products/20
---
2017/03/17 10:44:38 [error] [exception.CHttpException.404] exception 'CHttpException' with message 'The system is unable to find the requested action "mychu_files".' in /var/www/html/banhda2/framework/web/CController.php:483
Stack trace:
#0 /var/www/html/banhda2/framework/web/CController.php(270): CController->missingAction('mychu_files')
#1 /var/www/html/banhda2/framework/web/CWebApplication.php(282): CController->run('mychu_files')
#2 /var/www/html/banhda2/framework/web/CWebApplication.php(141): CWebApplication->runController('news/mychu_file...')
#3 /var/www/html/banhda2/framework/base/CApplication.php(180): CWebApplication->processRequest()
#4 /var/www/html/banhda2/BanhDa/index.php(13): CApplication->run()
#5 {main}
REQUEST_URI=/banhda2/BanhDa/news/mychu_files/menungang1.png
HTTP_REFERER=http://52.193.203.13/banhda2/BanhDa/news/4
---
2017/03/17 10:44:41 [error] [exception.CHttpException.404] exception 'CHttpException' with message 'The system is unable to find the requested action "mychu_files".' in /var/www/html/banhda2/framework/web/CController.php:483
Stack trace:
#0 /var/www/html/banhda2/framework/web/CController.php(270): CController->missingAction('mychu_files')
#1 /var/www/html/banhda2/framework/web/CWebApplication.php(282): CController->run('mychu_files')
#2 /var/www/html/banhda2/framework/web/CWebApplication.php(141): CWebApplication->runController('categorys/mychu...')
#3 /var/www/html/banhda2/framework/base/CApplication.php(180): CWebApplication->processRequest()
#4 /var/www/html/banhda2/BanhDa/index.php(13): CApplication->run()
#5 {main}
REQUEST_URI=/banhda2/BanhDa/categorys/mychu_files/menungang1.png
HTTP_REFERER=http://52.193.203.13/banhda2/BanhDa/categorys/1
---
2017/03/17 10:44:45 [error] [exception.CHttpException.404] exception 'CHttpException' with message 'Unable to resolve the request "images/category/98d59155da5310007936a9b9ea79f840.jpg".' in /var/www/html/banhda2/framework/web/CWebApplication.php:286
Stack trace:
#0 /var/www/html/banhda2/framework/web/CWebApplication.php(141): CWebApplication->runController('images/category...')
#1 /var/www/html/banhda2/framework/base/CApplication.php(180): CWebApplication->processRequest()
#2 /var/www/html/banhda2/BanhDa/index.php(13): CApplication->run()
#3 {main}
REQUEST_URI=/banhda2/BanhDa/images/category/98d59155da5310007936a9b9ea79f840.jpg
HTTP_REFERER=http://52.193.203.13/banhda2/BanhDa/categorys/3
---
2017/03/17 10:44:45 [error] [exception.CHttpException.404] exception 'CHttpException' with message 'Unable to resolve the request "images/category/d59ec7d61ce9e87a6dfaa6b011aaa2a1.jpg".' in /var/www/html/banhda2/framework/web/CWebApplication.php:286
Stack trace:
#0 /var/www/html/banhda2/framework/web/CWebApplication.php(141): CWebApplication->runController('images/category...')
#1 /var/www/html/banhda2/framework/base/CApplication.php(180): CWebApplication->processRequest()
#2 /var/www/html/banhda2/BanhDa/index.php(13): CApplication->run()
#3 {main}
REQUEST_URI=/banhda2/BanhDa/images/category/d59ec7d61ce9e87a6dfaa6b011aaa2a1.jpg
HTTP_REFERER=http://52.193.203.13/banhda2/BanhDa/categorys/3
---
2017/03/17 10:44:45 [error] [exception.CHttpException.404] exception 'CHttpException' with message 'Unable to resolve the request "images/category/be325d2c2f65107b98812b23535da62c.jpg".' in /var/www/html/banhda2/framework/web/CWebApplication.php:286
Stack trace:
#0 /var/www/html/banhda2/framework/web/CWebApplication.php(141): CWebApplication->runController('images/category...')
#1 /var/www/html/banhda2/framework/base/CApplication.php(180): CWebApplication->processRequest()
#2 /var/www/html/banhda2/BanhDa/index.php(13): CApplication->run()
#3 {main}
REQUEST_URI=/banhda2/BanhDa/images/category/be325d2c2f65107b98812b23535da62c.jpg
HTTP_REFERER=http://52.193.203.13/banhda2/BanhDa/categorys/3
---
2017/03/17 10:44:45 [error] [exception.CHttpException.404] exception 'CHttpException' with message 'The system is unable to find the requested action "mychu_files".' in /var/www/html/banhda2/framework/web/CController.php:483
Stack trace:
#0 /var/www/html/banhda2/framework/web/CController.php(270): CController->missingAction('mychu_files')
#1 /var/www/html/banhda2/framework/web/CWebApplication.php(282): CController->run('mychu_files')
#2 /var/www/html/banhda2/framework/web/CWebApplication.php(141): CWebApplication->runController('categorys/mychu...')
#3 /var/www/html/banhda2/framework/base/CApplication.php(180): CWebApplication->processRequest()
#4 /var/www/html/banhda2/BanhDa/index.php(13): CApplication->run()
#5 {main}
REQUEST_URI=/banhda2/BanhDa/categorys/mychu_files/menungang1.png
HTTP_REFERER=http://52.193.203.13/banhda2/BanhDa/categorys/3
---
2017/03/17 10:44:45 [error] [exception.CHttpException.404] exception 'CHttpException' with message 'Unable to resolve the request "images/category/2ef67b945f00e874eaf8140e195b2fab.jpg".' in /var/www/html/banhda2/framework/web/CWebApplication.php:286
Stack trace:
#0 /var/www/html/banhda2/framework/web/CWebApplication.php(141): CWebApplication->runController('images/category...')
#1 /var/www/html/banhda2/framework/base/CApplication.php(180): CWebApplication->processRequest()
#2 /var/www/html/banhda2/BanhDa/index.php(13): CApplication->run()
#3 {main}
REQUEST_URI=/banhda2/BanhDa/images/category/2ef67b945f00e874eaf8140e195b2fab.jpg
HTTP_REFERER=http://52.193.203.13/banhda2/BanhDa/categorys/3
---
2017/03/17 10:44:46 [error] [exception.CHttpException.404] exception 'CHttpException' with message 'The system is unable to find the requested action "mychu_files".' in /var/www/html/banhda2/framework/web/CController.php:483
Stack trace:
#0 /var/www/html/banhda2/framework/web/CController.php(270): CController->missingAction('mychu_files')
#1 /var/www/html/banhda2/framework/web/CWebApplication.php(282): CController->run('mychu_files')
#2 /var/www/html/banhda2/framework/web/CWebApplication.php(141): CWebApplication->runController('products/mychu_...')
#3 /var/www/html/banhda2/framework/base/CApplication.php(180): CWebApplication->processRequest()
#4 /var/www/html/banhda2/BanhDa/index.php(13): CApplication->run()
#5 {main}
REQUEST_URI=/banhda2/BanhDa/products/mychu_files/menungang1.png
HTTP_REFERER=http://52.193.203.13/banhda2/BanhDa/products/18
---
2017/03/17 10:44:46 [error] [exception.CHttpException.404] exception 'CHttpException' with message 'The system is unable to find the requested action "mychu_files".' in /var/www/html/banhda2/framework/web/CController.php:483
Stack trace:
#0 /var/www/html/banhda2/framework/web/CController.php(270): CController->missingAction('mychu_files')
#1 /var/www/html/banhda2/framework/web/CWebApplication.php(282): CController->run('mychu_files')
#2 /var/www/html/banhda2/framework/web/CWebApplication.php(141): CWebApplication->runController('products/mychu_...')
#3 /var/www/html/banhda2/framework/base/CApplication.php(180): CWebApplication->processRequest()
#4 /var/www/html/banhda2/BanhDa/index.php(13): CApplication->run()
#5 {main}
REQUEST_URI=/banhda2/BanhDa/products/mychu_files/menungang1.png
HTTP_REFERER=http://52.193.203.13/banhda2/BanhDa/products/18
---
2017/03/17 10:44:49 [error] [exception.CHttpException.404] exception 'CHttpException' with message 'The system is unable to find the requested action "mychu_files".' in /var/www/html/banhda2/framework/web/CController.php:483
Stack trace:
#0 /var/www/html/banhda2/framework/web/CController.php(270): CController->missingAction('mychu_files')
#1 /var/www/html/banhda2/framework/web/CWebApplication.php(282): CController->run('mychu_files')
#2 /var/www/html/banhda2/framework/web/CWebApplication.php(141): CWebApplication->runController('Chinhsach/mychu...')
#3 /var/www/html/banhda2/framework/base/CApplication.php(180): CWebApplication->processRequest()
#4 /var/www/html/banhda2/BanhDa/index.php(13): CApplication->run()
#5 {main}
REQUEST_URI=/banhda2/BanhDa/Chinhsach/mychu_files/menungang1.png
HTTP_REFERER=http://52.193.203.13/banhda2/BanhDa/Chinhsach/3
---
2017/03/17 10:44:53 [error] [exception.CHttpException.404] exception 'CHttpException' with message 'The system is unable to find the requested action "mychu_files".' in /var/www/html/banhda2/framework/web/CController.php:483
Stack trace:
#0 /var/www/html/banhda2/framework/web/CController.php(270): CController->missingAction('mychu_files')
#1 /var/www/html/banhda2/framework/web/CWebApplication.php(282): CController->run('mychu_files')
#2 /var/www/html/banhda2/framework/web/CWebApplication.php(141): CWebApplication->runController('Chinhsach/mychu...')
#3 /var/www/html/banhda2/framework/base/CApplication.php(180): CWebApplication->processRequest()
#4 /var/www/html/banhda2/BanhDa/index.php(13): CApplication->run()
#5 {main}
REQUEST_URI=/banhda2/BanhDa/Chinhsach/mychu_files/menungang1.png
HTTP_REFERER=http://52.193.203.13/banhda2/BanhDa/Chinhsach/2
---
2017/03/17 10:44:57 [error] [exception.CHttpException.404] exception 'CHttpException' with message 'The system is unable to find the requested action "mychu_files".' in /var/www/html/banhda2/framework/web/CController.php:483
Stack trace:
#0 /var/www/html/banhda2/framework/web/CController.php(270): CController->missingAction('mychu_files')
#1 /var/www/html/banhda2/framework/web/CWebApplication.php(282): CController->run('mychu_files')
#2 /var/www/html/banhda2/framework/web/CWebApplication.php(141): CWebApplication->runController('introduces/mych...')
#3 /var/www/html/banhda2/framework/base/CApplication.php(180): CWebApplication->processRequest()
#4 /var/www/html/banhda2/BanhDa/index.php(13): CApplication->run()
#5 {main}
REQUEST_URI=/banhda2/BanhDa/introduces/mychu_files/menungang1.png
HTTP_REFERER=http://52.193.203.13/banhda2/BanhDa/introduces/2
---
2017/03/17 10:44:59 [error] [exception.CHttpException.404] exception 'CHttpException' with message 'The system is unable to find the requested action "mychu_files".' in /var/www/html/banhda2/framework/web/CController.php:483
Stack trace:
#0 /var/www/html/banhda2/framework/web/CController.php(270): CController->missingAction('mychu_files')
#1 /var/www/html/banhda2/framework/web/CWebApplication.php(282): CController->run('mychu_files')
#2 /var/www/html/banhda2/framework/web/CWebApplication.php(141): CWebApplication->runController('homes/mychu_fil...')
#3 /var/www/html/banhda2/framework/base/CApplication.php(180): CWebApplication->processRequest()
#4 /var/www/html/banhda2/BanhDa/index.php(13): CApplication->run()
#5 {main}
REQUEST_URI=/banhda2/BanhDa/homes/mychu_files/menungang1.png
HTTP_REFERER=http://52.193.203.13/banhda2/BanhDa/homes/index
---
2017/03/17 10:44:59 [error] [exception.CHttpException.404] exception 'CHttpException' with message 'The system is unable to find the requested action "mychu_files".' in /var/www/html/banhda2/framework/web/CController.php:483
Stack trace:
#0 /var/www/html/banhda2/framework/web/CController.php(270): CController->missingAction('mychu_files')
#1 /var/www/html/banhda2/framework/web/CWebApplication.php(282): CController->run('mychu_files')
#2 /var/www/html/banhda2/framework/web/CWebApplication.php(141): CWebApplication->runController('homes/mychu_fil...')
#3 /var/www/html/banhda2/framework/base/CApplication.php(180): CWebApplication->processRequest()
#4 /var/www/html/banhda2/BanhDa/index.php(13): CApplication->run()
#5 {main}
REQUEST_URI=/banhda2/BanhDa/homes/mychu_files/menungang1.png
HTTP_REFERER=http://52.193.203.13/banhda2/BanhDa/homes/index
---
2017/03/17 10:44:59 [error] [exception.CHttpException.404] exception 'CHttpException' with message 'The system is unable to find the requested action "ajaxload.gif".' in /var/www/html/banhda2/framework/web/CController.php:483
Stack trace:
#0 /var/www/html/banhda2/framework/web/CController.php(270): CController->missingAction('ajaxload.gif')
#1 /var/www/html/banhda2/framework/web/CWebApplication.php(282): CController->run('ajaxload.gif')
#2 /var/www/html/banhda2/framework/web/CWebApplication.php(141): CWebApplication->runController('homes/ajaxload....')
#3 /var/www/html/banhda2/framework/base/CApplication.php(180): CWebApplication->processRequest()
#4 /var/www/html/banhda2/BanhDa/index.php(13): CApplication->run()
#5 {main}
REQUEST_URI=/banhda2/BanhDa/homes/ajaxload.gif
HTTP_REFERER=http://52.193.203.13/banhda2/BanhDa/homes/index
---
2017/05/25 12:08:57 [error] [exception.CDbException] exception 'CDbException' with message 'CDbConnection failed to open the DB connection: SQLSTATE[HY000] [2002] Connection refused' in /var/www/html/banhda2/framework/db/CDbConnection.php:382
Stack trace:
#0 /var/www/html/banhda2/framework/db/CDbConnection.php(330): CDbConnection->open()
#1 /var/www/html/banhda2/framework/db/CDbConnection.php(308): CDbConnection->setActive(true)
#2 /var/www/html/banhda2/framework/base/CModule.php(387): CDbConnection->init()
#3 /var/www/html/banhda2/framework/base/CModule.php(103): CModule->getComponent('db')
#4 /var/www/html/banhda2/BanhDa/protected/models/Viewcounts.php(89): CModule->__get('db')
#5 /var/www/html/banhda2/BanhDa/protected/components/Controller.php(37): Viewcounts->newVisit()
#6 /var/www/html/banhda2/framework/web/filters/CInlineFilter.php(58): Controller->filterProjectContext(Object(CFilterChain))
#7 /var/www/html/banhda2/framework/web/filters/CFilterChain.php(130): CInlineFilter->filter(Object(CFilterChain))
#8 /var/www/html/banhda2/framework/web/filters/CFilter.php(40): CFilterChain->run()
#9 /var/www/html/banhda2/framework/web/CController.php(1145): CFilter->filter(Object(CFilterChain))
#10 /var/www/html/banhda2/framework/web/filters/CInlineFilter.php(58): CController->filterAccessControl(Object(CFilterChain))
#11 /var/www/html/banhda2/framework/web/filters/CFilterChain.php(130): CInlineFilter->filter(Object(CFilterChain))
#12 /var/www/html/banhda2/framework/web/CController.php(291): CFilterChain->run()
#13 /var/www/html/banhda2/framework/web/CController.php(265): CController->runActionWithFilters(Object(CInlineAction), Array)
#14 /var/www/html/banhda2/framework/web/CWebApplication.php(282): CController->run('')
#15 /var/www/html/banhda2/framework/web/CWebApplication.php(141): CWebApplication->runController('')
#16 /var/www/html/banhda2/framework/base/CApplication.php(180): CWebApplication->processRequest()
#17 /var/www/html/banhda2/BanhDa/index.php(13): CApplication->run()
#18 {main}
REQUEST_URI=/banhda2/BanhDa/
HTTP_REFERER=http://13.112.69.94/banhda2/
---
2017/05/25 12:10:22 [error] [exception.CHttpException.404] exception 'CHttpException' with message 'Unable to resolve the request "ajaxload.gif".' in /var/www/html/banhda2/framework/web/CWebApplication.php:286
Stack trace:
#0 /var/www/html/banhda2/framework/web/CWebApplication.php(141): CWebApplication->runController('ajaxload.gif')
#1 /var/www/html/banhda2/framework/base/CApplication.php(180): CWebApplication->processRequest()
#2 /var/www/html/banhda2/BanhDa/index.php(13): CApplication->run()
#3 {main}
REQUEST_URI=/banhda2/BanhDa/ajaxload.gif
HTTP_REFERER=http://13.112.69.94/banhda2/BanhDa/
---
2017/05/25 12:10:23 [error] [exception.CHttpException.404] exception 'CHttpException' with message 'Unable to resolve the request "mychu_files/menungang1.png".' in /var/www/html/banhda2/framework/web/CWebApplication.php:286
Stack trace:
#0 /var/www/html/banhda2/framework/web/CWebApplication.php(141): CWebApplication->runController('mychu_files/men...')
#1 /var/www/html/banhda2/framework/base/CApplication.php(180): CWebApplication->processRequest()
#2 /var/www/html/banhda2/BanhDa/index.php(13): CApplication->run()
#3 {main}
REQUEST_URI=/banhda2/BanhDa/mychu_files/menungang1.png
HTTP_REFERER=http://13.112.69.94/banhda2/BanhDa/
---
2017/05/25 12:10:40 [error] [exception.CHttpException.404] exception 'CHttpException' with message 'The system is unable to find the requested action "mychu_files".' in /var/www/html/banhda2/framework/web/CController.php:483
Stack trace:
#0 /var/www/html/banhda2/framework/web/CController.php(270): CController->missingAction('mychu_files')
#1 /var/www/html/banhda2/framework/web/CWebApplication.php(282): CController->run('mychu_files')
#2 /var/www/html/banhda2/framework/web/CWebApplication.php(141): CWebApplication->runController('products/mychu_...')
#3 /var/www/html/banhda2/framework/base/CApplication.php(180): CWebApplication->processRequest()
#4 /var/www/html/banhda2/BanhDa/index.php(13): CApplication->run()
#5 {main}
REQUEST_URI=/banhda2/BanhDa/products/mychu_files/menungang1.png
HTTP_REFERER=http://13.112.69.94/banhda2/BanhDa/products/15
---
2017/05/25 12:10:44 [error] [exception.CHttpException.404] exception 'CHttpException' with message 'The system is unable to find the requested action "mychu_files".' in /var/www/html/banhda2/framework/web/CController.php:483
Stack trace:
#0 /var/www/html/banhda2/framework/web/CController.php(270): CController->missingAction('mychu_files')
#1 /var/www/html/banhda2/framework/web/CWebApplication.php(282): CController->run('mychu_files')
#2 /var/www/html/banhda2/framework/web/CWebApplication.php(141): CWebApplication->runController('categorys/mychu...')
#3 /var/www/html/banhda2/framework/base/CApplication.php(180): CWebApplication->processRequest()
#4 /var/www/html/banhda2/BanhDa/index.php(13): CApplication->run()
#5 {main}
REQUEST_URI=/banhda2/BanhDa/categorys/mychu_files/menungang1.png
HTTP_REFERER=http://13.112.69.94/banhda2/BanhDa/categorys/1
---
2017/05/25 12:10:45 [error] [exception.CHttpException.404] exception 'CHttpException' with message 'The system is unable to find the requested action "mychu_files".' in /var/www/html/banhda2/framework/web/CController.php:483
Stack trace:
#0 /var/www/html/banhda2/framework/web/CController.php(270): CController->missingAction('mychu_files')
#1 /var/www/html/banhda2/framework/web/CWebApplication.php(282): CController->run('mychu_files')
#2 /var/www/html/banhda2/framework/web/CWebApplication.php(141): CWebApplication->runController('products/mychu_...')
#3 /var/www/html/banhda2/framework/base/CApplication.php(180): CWebApplication->processRequest()
#4 /var/www/html/banhda2/BanhDa/index.php(13): CApplication->run()
#5 {main}
REQUEST_URI=/banhda2/BanhDa/products/mychu_files/menungang1.png
HTTP_REFERER=http://13.112.69.94/banhda2/BanhDa/products/15
---
2017/05/25 12:10:46 [error] [exception.CHttpException.404] exception 'CHttpException' with message 'Unable to resolve the request "mychu_files/menungang1.png".' in /var/www/html/banhda2/framework/web/CWebApplication.php:286
Stack trace:
#0 /var/www/html/banhda2/framework/web/CWebApplication.php(141): CWebApplication->runController('mychu_files/men...')
#1 /var/www/html/banhda2/framework/base/CApplication.php(180): CWebApplication->processRequest()
#2 /var/www/html/banhda2/BanhDa/index.php(13): CApplication->run()
#3 {main}
REQUEST_URI=/banhda2/BanhDa/mychu_files/menungang1.png
HTTP_REFERER=http://13.112.69.94/banhda2/BanhDa/
---
2017/05/25 12:10:46 [error] [exception.CHttpException.404] exception 'CHttpException' with message 'Unable to resolve the request "ajaxload.gif".' in /var/www/html/banhda2/framework/web/CWebApplication.php:286
Stack trace:
#0 /var/www/html/banhda2/framework/web/CWebApplication.php(141): CWebApplication->runController('ajaxload.gif')
#1 /var/www/html/banhda2/framework/base/CApplication.php(180): CWebApplication->processRequest()
#2 /var/www/html/banhda2/BanhDa/index.php(13): CApplication->run()
#3 {main}
REQUEST_URI=/banhda2/BanhDa/ajaxload.gif
HTTP_REFERER=http://13.112.69.94/banhda2/BanhDa/
---
2017/05/25 12:59:10 [error] [exception.CHttpException.404] exception 'CHttpException' with message 'Unable to resolve the request "mychu_files/menungang1.png".' in /var/www/html/banhda2/framework/web/CWebApplication.php:286
Stack trace:
#0 /var/www/html/banhda2/framework/web/CWebApplication.php(141): CWebApplication->runController('mychu_files/men...')
#1 /var/www/html/banhda2/framework/base/CApplication.php(180): CWebApplication->processRequest()
#2 /var/www/html/banhda2/BanhDa/index.php(13): CApplication->run()
#3 {main}
REQUEST_URI=/banhda2/BanhDa/mychu_files/menungang1.png
HTTP_REFERER=http://13.112.69.94/banhda2/BanhDa/
---
2017/05/25 12:59:10 [error] [exception.CHttpException.404] exception 'CHttpException' with message 'Unable to resolve the request "mychu_files/menungang1.png".' in /var/www/html/banhda2/framework/web/CWebApplication.php:286
Stack trace:
#0 /var/www/html/banhda2/framework/web/CWebApplication.php(141): CWebApplication->runController('mychu_files/men...')
#1 /var/www/html/banhda2/framework/base/CApplication.php(180): CWebApplication->processRequest()
#2 /var/www/html/banhda2/BanhDa/index.php(13): CApplication->run()
#3 {main}
REQUEST_URI=/banhda2/BanhDa/mychu_files/menungang1.png
HTTP_REFERER=http://13.112.69.94/banhda2/BanhDa/
---
2017/05/25 12:59:10 [error] [exception.CHttpException.404] exception 'CHttpException' with message 'Unable to resolve the request "ajaxload.gif".' in /var/www/html/banhda2/framework/web/CWebApplication.php:286
Stack trace:
#0 /var/www/html/banhda2/framework/web/CWebApplication.php(141): CWebApplication->runController('ajaxload.gif')
#1 /var/www/html/banhda2/framework/base/CApplication.php(180): CWebApplication->processRequest()
#2 /var/www/html/banhda2/BanhDa/index.php(13): CApplication->run()
#3 {main}
REQUEST_URI=/banhda2/BanhDa/ajaxload.gif
HTTP_REFERER=http://13.112.69.94/banhda2/BanhDa/
---
2017/05/25 13:01:23 [error] [exception.CHttpException.404] exception 'CHttpException' with message 'Unable to resolve the request "mychu_files/menungang1.png".' in /var/www/html/banhda2/framework/web/CWebApplication.php:286
Stack trace:
#0 /var/www/html/banhda2/framework/web/CWebApplication.php(141): CWebApplication->runController('mychu_files/men...')
#1 /var/www/html/banhda2/framework/base/CApplication.php(180): CWebApplication->processRequest()
#2 /var/www/html/banhda2/BanhDa/index.php(13): CApplication->run()
#3 {main}
REQUEST_URI=/banhda2/BanhDa/mychu_files/menungang1.png
HTTP_REFERER=http://13.112.69.94/banhda2/BanhDa/
---
2017/05/25 13:01:23 [error] [exception.CHttpException.404] exception 'CHttpException' with message 'Unable to resolve the request "mychu_files/menungang1.png".' in /var/www/html/banhda2/framework/web/CWebApplication.php:286
Stack trace:
#0 /var/www/html/banhda2/framework/web/CWebApplication.php(141): CWebApplication->runController('mychu_files/men...')
#1 /var/www/html/banhda2/framework/base/CApplication.php(180): CWebApplication->processRequest()
#2 /var/www/html/banhda2/BanhDa/index.php(13): CApplication->run()
#3 {main}
REQUEST_URI=/banhda2/BanhDa/mychu_files/menungang1.png
HTTP_REFERER=http://13.112.69.94/banhda2/BanhDa/
---
2017/05/25 13:01:23 [error] [exception.CHttpException.404] exception 'CHttpException' with message 'Unable to resolve the request "ajaxload.gif".' in /var/www/html/banhda2/framework/web/CWebApplication.php:286
Stack trace:
#0 /var/www/html/banhda2/framework/web/CWebApplication.php(141): CWebApplication->runController('ajaxload.gif')
#1 /var/www/html/banhda2/framework/base/CApplication.php(180): CWebApplication->processRequest()
#2 /var/www/html/banhda2/BanhDa/index.php(13): CApplication->run()
#3 {main}
REQUEST_URI=/banhda2/BanhDa/ajaxload.gif
HTTP_REFERER=http://13.112.69.94/banhda2/BanhDa/
---
2017/05/25 13:03:33 [error] [exception.CHttpException.404] exception 'CHttpException' with message 'Unable to resolve the request "mychu_files/menungang1.png".' in /var/www/html/banhda2/framework/web/CWebApplication.php:286
Stack trace:
#0 /var/www/html/banhda2/framework/web/CWebApplication.php(141): CWebApplication->runController('mychu_files/men...')
#1 /var/www/html/banhda2/framework/base/CApplication.php(180): CWebApplication->processRequest()
#2 /var/www/html/banhda2/BanhDa/index.php(13): CApplication->run()
#3 {main}
REQUEST_URI=/banhda2/BanhDa/mychu_files/menungang1.png
HTTP_REFERER=http://13.112.69.94/banhda2/BanhDa/
---
2017/05/25 13:03:33 [error] [exception.CHttpException.404] exception 'CHttpException' with message 'Unable to resolve the request "mychu_files/menungang1.png".' in /var/www/html/banhda2/framework/web/CWebApplication.php:286
Stack trace:
#0 /var/www/html/banhda2/framework/web/CWebApplication.php(141): CWebApplication->runController('mychu_files/men...')
#1 /var/www/html/banhda2/framework/base/CApplication.php(180): CWebApplication->processRequest()
#2 /var/www/html/banhda2/BanhDa/index.php(13): CApplication->run()
#3 {main}
REQUEST_URI=/banhda2/BanhDa/mychu_files/menungang1.png
HTTP_REFERER=http://13.112.69.94/banhda2/BanhDa/
---
2017/05/25 13:03:33 [error] [exception.CHttpException.404] exception 'CHttpException' with message 'Unable to resolve the request "ajaxload.gif".' in /var/www/html/banhda2/framework/web/CWebApplication.php:286
Stack trace:
#0 /var/www/html/banhda2/framework/web/CWebApplication.php(141): CWebApplication->runController('ajaxload.gif')
#1 /var/www/html/banhda2/framework/base/CApplication.php(180): CWebApplication->processRequest()
#2 /var/www/html/banhda2/BanhDa/index.php(13): CApplication->run()
#3 {main}
REQUEST_URI=/banhda2/BanhDa/ajaxload.gif
HTTP_REFERER=http://13.112.69.94/banhda2/BanhDa/
---
2017/05/25 13:03:51 [error] [exception.CHttpException.404] exception 'CHttpException' with message 'Unable to resolve the request "mychu_files/menungang1.png".' in /var/www/html/banhda2/framework/web/CWebApplication.php:286
Stack trace:
#0 /var/www/html/banhda2/framework/web/CWebApplication.php(141): CWebApplication->runController('mychu_files/men...')
#1 /var/www/html/banhda2/framework/base/CApplication.php(180): CWebApplication->processRequest()
#2 /var/www/html/banhda2/BanhDa/index.php(13): CApplication->run()
#3 {main}
REQUEST_URI=/banhda2/BanhDa/mychu_files/menungang1.png
HTTP_REFERER=http://13.112.69.94/banhda2/BanhDa/
---
2017/05/25 13:03:51 [error] [exception.CHttpException.404] exception 'CHttpException' with message 'Unable to resolve the request "ajaxload.gif".' in /var/www/html/banhda2/framework/web/CWebApplication.php:286
Stack trace:
#0 /var/www/html/banhda2/framework/web/CWebApplication.php(141): CWebApplication->runController('ajaxload.gif')
#1 /var/www/html/banhda2/framework/base/CApplication.php(180): CWebApplication->processRequest()
#2 /var/www/html/banhda2/BanhDa/index.php(13): CApplication->run()
#3 {main}
REQUEST_URI=/banhda2/BanhDa/ajaxload.gif
HTTP_REFERER=http://13.112.69.94/banhda2/BanhDa/
---
2017/05/25 13:05:10 [error] [exception.CHttpException.404] exception 'CHttpException' with message 'Unable to resolve the request "mychu_files/menungang1.png".' in /var/www/html/banhda2/framework/web/CWebApplication.php:286
Stack trace:
#0 /var/www/html/banhda2/framework/web/CWebApplication.php(141): CWebApplication->runController('mychu_files/men...')
#1 /var/www/html/banhda2/framework/base/CApplication.php(180): CWebApplication->processRequest()
#2 /var/www/html/banhda2/BanhDa/index.php(13): CApplication->run()
#3 {main}
REQUEST_URI=/banhda2/BanhDa/mychu_files/menungang1.png
HTTP_REFERER=http://13.112.69.94/banhda2/BanhDa/
---
2017/05/25 13:05:10 [error] [exception.CHttpException.404] exception 'CHttpException' with message 'Unable to resolve the request "mychu_files/menungang1.png".' in /var/www/html/banhda2/framework/web/CWebApplication.php:286
Stack trace:
#0 /var/www/html/banhda2/framework/web/CWebApplication.php(141): CWebApplication->runController('mychu_files/men...')
#1 /var/www/html/banhda2/framework/base/CApplication.php(180): CWebApplication->processRequest()
#2 /var/www/html/banhda2/BanhDa/index.php(13): CApplication->run()
#3 {main}
REQUEST_URI=/banhda2/BanhDa/mychu_files/menungang1.png
HTTP_REFERER=http://13.112.69.94/banhda2/BanhDa/
---
2017/05/25 13:05:10 [error] [exception.CHttpException.404] exception 'CHttpException' with message 'Unable to resolve the request "ajaxload.gif".' in /var/www/html/banhda2/framework/web/CWebApplication.php:286
Stack trace:
#0 /var/www/html/banhda2/framework/web/CWebApplication.php(141): CWebApplication->runController('ajaxload.gif')
#1 /var/www/html/banhda2/framework/base/CApplication.php(180): CWebApplication->processRequest()
#2 /var/www/html/banhda2/BanhDa/index.php(13): CApplication->run()
#3 {main}
REQUEST_URI=/banhda2/BanhDa/ajaxload.gif
HTTP_REFERER=http://13.112.69.94/banhda2/BanhDa/
---
